TOTAL TESTING SCORE: 98.2%

- - - - - - - - - - - - - - - - - - - - - - - - - - - - - - - - - - - - - - 

SUMMARY BY TEST SET

Test Set                                      Pts Max  % Ttl  % Max
--------------------------------------------- --- --- ------ ------
tests/threads/Rubric.alarm                      7/  7   2.0%/  2.0%
tests/threads/Rubric.priority                  25/ 25   3.0%/  3.0%
tests/userprog/Rubric.functionality            40/ 40  40.0%/ 40.0%
tests/userprog/Rubric.robustness               40/ 40  30.0%/ 30.0%
tests/userprog/no-vm/Rubric                     3/  3  10.0%/ 10.0%
tests/filesys/base/Rubric                      15/ 17  13.2%/ 15.0%
--------------------------------------------- --- --- ------ ------
Total                                                  98.2%/100.0%

- - - - - - - - - - - - - - - - - - - - - - - - - - - - - - - - - - - - - - 

SUMMARY OF INDIVIDUAL TESTS

Functionality and robustness of alarm clock (tests/threads/Rubric.alarm):
	     1/ 1 tests/threads/alarm-single
	     1/ 1 tests/threads/alarm-multiple
	     1/ 1 tests/threads/alarm-simultaneous
	     2/ 2 tests/threads/alarm-priority

	     1/ 1 tests/threads/alarm-zero
	     1/ 1 tests/threads/alarm-negative

	- Section summary.
	      6/  6 tests passed
	      7/  7 points subtotal

Functionality of priority scheduler (tests/threads/Rubric.priority):
	     1/ 1 tests/threads/priority-change
	     1/ 1 tests/threads/priority-preempt

	     1/ 1 tests/threads/priority-fifo
	     2/ 2 tests/threads/priority-sema
	     2/ 2 tests/threads/priority-condvar

	     2/ 2 tests/threads/priority-donate-one
	     3/ 3 tests/threads/priority-donate-multiple
	     3/ 3 tests/threads/priority-donate-multiple2
	     3/ 3 tests/threads/priority-donate-nest
	     3/ 3 tests/threads/priority-donate-chain
	     2/ 2 tests/threads/priority-donate-sema
	     2/ 2 tests/threads/priority-donate-lower

	- Section summary.
	     12/ 12 tests passed
	     25/ 25 points subtotal

Functionality of system calls (tests/userprog/Rubric.functionality):
	- Test argument passing on Pintos command line.
	     1/ 1 tests/userprog/args-none
	     1/ 1 tests/userprog/args-single
	     1/ 1 tests/userprog/args-multiple
	     1/ 1 tests/userprog/args-many
	     1/ 1 tests/userprog/args-dbl-space

	- Test "create" system call.
	     1/ 1 tests/userprog/create-empty
	     1/ 1 tests/userprog/create-long
	     1/ 1 tests/userprog/create-normal
	     1/ 1 tests/userprog/create-exists

	- Test "open" system call.
	     1/ 1 tests/userprog/open-missing
	     1/ 1 tests/userprog/open-normal
	     1/ 1 tests/userprog/open-twice

	- Test "read" system call.
	     1/ 1 tests/userprog/read-normal
	     1/ 1 tests/userprog/read-zero

	- Test "write" system call.
	     1/ 1 tests/userprog/write-normal
	     1/ 1 tests/userprog/write-zero

	- Test "close" system call.
	     1/ 1 tests/userprog/close-normal

	- Test "fork" system call.
	     1/ 1 tests/userprog/fork-once
	     1/ 1 tests/userprog/fork-multiple
	     2/ 2 tests/userprog/fork-close
	     2/ 2 tests/userprog/fork-read

	- Test "exec" system call.
	     1/ 1 tests/userprog/exec-once
	     1/ 1 tests/userprog/exec-arg
	     2/ 2 tests/userprog/exec-read

	- Test "wait" system call.
	     1/ 1 tests/userprog/wait-simple
	     1/ 1 tests/userprog/wait-twice

	- Test "exit" system call.
	     1/ 1 tests/userprog/exit

	- Test "halt" system call.
	     1/ 1 tests/userprog/halt

	- Test recursive execution of user programs.
	     2/ 2 tests/userprog/fork-recursive
	     2/ 2 tests/userprog/multi-recurse

	- Test read-only executable feature.
	     1/ 1 tests/userprog/rox-simple
	     2/ 2 tests/userprog/rox-child
	     2/ 2 tests/userprog/rox-multichild

	- Section summary.
	     33/ 33 tests passed
	     40/ 40 points subtotal

Robustness of system calls (tests/userprog/Rubric.robustness):
	- Test robustness of file descriptor handling.
	     1/ 1 tests/userprog/close-bad-fd
	     1/ 1 tests/userprog/close-twice
	     1/ 1 tests/userprog/read-bad-fd
	     1/ 1 tests/userprog/read-stdout
	     1/ 1 tests/userprog/write-bad-fd
	     1/ 1 tests/userprog/write-stdin
	     2/ 2 tests/userprog/multi-child-fd

	- Test robustness of pointer handling.
	     1/ 1 tests/userprog/create-bad-ptr
	     1/ 1 tests/userprog/exec-bad-ptr
	     1/ 1 tests/userprog/open-bad-ptr
	     1/ 1 tests/userprog/read-bad-ptr
	     1/ 1 tests/userprog/write-bad-ptr

	- Test robustness of buffer copying across page boundaries.
	     2/ 2 tests/userprog/create-bound
	     2/ 2 tests/userprog/open-boundary
	     2/ 2 tests/userprog/read-boundary
	     2/ 2 tests/userprog/write-boundary
	     2/ 2 tests/userprog/fork-boundary
	     2/ 2 tests/userprog/exec-boundary

	- Test handling of null pointer and empty strings.
	     1/ 1 tests/userprog/create-null
	     1/ 1 tests/userprog/open-null
	     1/ 1 tests/userprog/open-empty

	- Test robustness of "fork", "exec" and "wait" system calls.
	     2/ 2 tests/userprog/exec-missing
	     2/ 2 tests/userprog/wait-bad-pid
	     2/ 2 tests/userprog/wait-killed

	- Test robustness of exception handling.
	     1/ 1 tests/userprog/bad-read
	     1/ 1 tests/userprog/bad-write
	     1/ 1 tests/userprog/bad-jump
	     1/ 1 tests/userprog/bad-read2
	     1/ 1 tests/userprog/bad-write2
	     1/ 1 tests/userprog/bad-jump2

	- Section summary.
	     30/ 30 tests passed
	     40/ 40 points subtotal

Functionality of features that VM might break (tests/userprog/no-vm/Rubric):

	     3/ 3 tests/userprog/no-vm/multi-oom

	- Section summary.
	      1/  1 tests passed
	      3/  3 points subtotal

Functionality of base file system (tests/filesys/base/Rubric):
	- Test basic support for small files.
	     1/ 1 tests/filesys/base/sm-create
	     1/ 1 tests/filesys/base/sm-full
	     1/ 1 tests/filesys/base/sm-random
	     1/ 1 tests/filesys/base/sm-seq-block
	     2/ 2 tests/filesys/base/sm-seq-random

	- Test basic support for large files.
	     1/ 1 tests/filesys/base/lg-create
	     1/ 1 tests/filesys/base/lg-full
	     1/ 1 tests/filesys/base/lg-random
	     1/ 1 tests/filesys/base/lg-seq-block
	     2/ 2 tests/filesys/base/lg-seq-random

	- Test synchronized multiprogram access to files.
	  ** 0/ 2 tests/filesys/base/syn-read
	     2/ 2 tests/filesys/base/syn-write
	     1/ 1 tests/filesys/base/syn-remove

	- Section summary.
	     12/ 13 tests passed
	     15/ 17 points subtotal


- - - - - - - - - - - - - - - - - - - - - - - - - - - - - - - - - - - - - - 

DETAILS OF tests/filesys/base/syn-read FAILURE:

run: wait for child 2 of 10 returned -1 (expected 1): FAILED

OUTPUT FROM tests/filesys/base/syn-read:

Kernel command line: -q -f put syn-read put child-syn-read run syn-read
0 ~ 9fc00 1
100000 ~ 13e0000 1
Pintos booting with: 
	base_mem: 0x0 ~ 0x9fc00 (Usable: 639 kB)
	ext_mem: 0x100000 ~ 0x13e0000 (Usable: 19,328 kB)
Calibrating timer...  103,936,000 loops/s.
hd0:0: detected 321 sector (160 kB) disk, model "QEMU HARDDISK", serial "QM00001"
hd0:1: detected 20,160 sector (9 MB) disk, model "QEMU HARDDISK", serial "QM00002"
hd1:0: detected 225 sector (112 kB) disk, model "QEMU HARDDISK", serial "QM00003"
Formatting file system...done.
Boot complete.
Putting 'syn-read' into the file system...
Putting 'child-syn-read' into the file system...
Executing 'syn-read':
(syn-read) begin
(syn-read) create "data"
(syn-read) open "data"
(syn-read) write "data"
(syn-read) close "data"
(syn-read) exec child 1 of 10: "child-syn-read 0"
(syn-read) exec child 2 of 10: "child-syn-read 1"
(syn-read) exec child 3 of 10: "child-syn-read 2"
(syn-read) exec child 4 of 10: "child-syn-read 3"
(syn-read) exec child 5 of 10: "child-syn-read 4"
(syn-read) exec child 6 of 10: "child-syn-read 5"
(syn-read) exec child 7 of 10: "child-syn-read 6"
(syn-read) exec child 8 of 10: "child-syn-read 7"
(syn-read) exec child 9 of 10: "child-syn-read 8"
(syn-read) exec child 10 of 10: "child-syn-read 9"
child-syn-read: exit(2)
Page fault at 0x18: not present error writing page in kernel context.
child-syn-read: exit(-1)
Page fault at 0x18: not present error writing page in kernel context.
child-syn-read: exit(-1)
Page fault at 0x18: not present error writing page in kernel context.
child-syn-read: exit(-1)
Page fault at 0x18: not present error writing page in kernel context.
child-syn-read: exit(-1)
child-syn-read: exit(0)
(syn-read) wait for child 1 of 10 returned 0 (expected 0)
(syn-read) wait for child 2 of 10 returned -1 (expected 1)
(syn-read) wait for child 2 of 10 returned -1 (expected 1): FAILED
syn-read: exit(1)
Execution of 'syn-read' complete.
Timer: 189 ticks
Thread: 74 idle ticks, 56 kernel ticks, 59 user ticks
hd0:0: 0 reads, 0 writes
hd0:1: 2519 reads, 504 writes
hd1:0: 225 reads, 0 writes
Console: 2099 characters output
Keyboard: 0 keys pressed
Exception: 4 page faults
Powering off...
